app/build/intermediates/manifest_merge_blame_file/debug/processDebugMainManifest/manifest-merger-blame-debug-report.txt
1<?xml version="1.0" encoding="utf-8"?>
2<manifest xmlns:android="http://schemas.android.com/apk/res/android"
3    package="com.habitik"
4    android:versionCode="1"
5    android:versionName="1.0" >
6
7    <uses-sdk
8        android:minSdkVersion="26"
9        android:targetSdkVersion="35" />
10
11    <uses-permission android:name="android.permission.POST_NOTIFICATIONS" />
11-->src\main\AndroidManifest.xml:4:5-77
11-->src\main\AndroidManifest.xml:4:22-74
12    <uses-permission android:name="android.permission.FOREGROUND_SERVICE" />
12-->src\main\AndroidManifest.xml:5:5-77
12-->src\main\AndroidManifest.xml:5:22-74
13    <uses-permission android:name="android.permission.FOREGROUND_SERVICE_SPECIAL_USE" />
13-->src\main\AndroidManifest.xml:6:5-89
13-->src\main\AndroidManifest.xml:6:22-86
14    <uses-permission android:name="android.permission.SCHEDULE_EXACT_ALARM" />
14-->src\main\AndroidManifest.xml:7:5-79
14-->src\main\AndroidManifest.xml:7:22-76
15    <uses-permission android:name="android.permission.USE_EXACT_ALARM" />
15-->src\main\AndroidManifest.xml:8:5-74
15-->src\main\AndroidManifest.xml:8:22-71
16    <uses-permission android:name="android.permission.RECEIVE_BOOT_COMPLETED" />
16-->src\main\AndroidManifest.xml:9:5-81
16-->src\main\AndroidManifest.xml:9:22-78
17    <uses-permission android:name="android.permission.SYSTEM_ALERT_WINDOW" />
17-->src\main\AndroidManifest.xml:10:5-78
17-->src\main\AndroidManifest.xml:10:22-75
18    <uses-permission android:name="android.permission.REQUEST_IGNORE_BATTERY_OPTIMIZATIONS" />
18-->src\main\AndroidManifest.xml:11:5-95
18-->src\main\AndroidManifest.xml:11:22-92
19    <uses-permission android:name="android.permission.WAKE_LOCK" />
19-->[androidx.work:work-runtime:2.10.0] AndroidManifest.xml:23:5-68
19-->[androidx.work:work-runtime:2.10.0] AndroidManifest.xml:23:22-65
20    <uses-permission android:name="android.permission.ACCESS_NETWORK_STATE" />
20-->[androidx.work:work-runtime:2.10.0] AndroidManifest.xml:24:5-79
20-->[androidx.work:work-runtime:2.10.0] AndroidManifest.xml:24:22-76
21
22    <permission
22-->[androidx.core:core:1.15.0] AndroidManifest.xml:22:5-24:47
23        android:name="com.habitik.DYNAMIC_RECEIVER_NOT_EXPORTED_PERMISSION"
23-->[androidx.core:core:1.15.0] AndroidManifest.xml:23:9-81
24        android:protectionLevel="signature" />
24-->[androidx.core:core:1.15.0] AndroidManifest.xml:24:9-44
25
26    <uses-permission android:name="com.habitik.DYNAMIC_RECEIVER_NOT_EXPORTED_PERMISSION" />
26-->[androidx.core:core:1.15.0] AndroidManifest.xml:26:5-97
26-->[androidx.core:core:1.15.0] AndroidManifest.xml:26:22-94
27
28    <application
28-->src\main\AndroidManifest.xml:13:5-44:19
29        android:name="com.habitik.HabitikApp"
29-->src\main\AndroidManifest.xml:14:9-35
30        android:allowBackup="true"
30-->src\main\AndroidManifest.xml:15:9-35
31        android:appComponentFactory="androidx.core.app.CoreComponentFactory"
31-->[androidx.core:core:1.15.0] AndroidManifest.xml:28:18-86
32        android:debuggable="true"
33        android:extractNativeLibs="false"
34        android:icon="@drawable/ic_launcher"
34-->src\main\AndroidManifest.xml:16:9-45
35        android:label="@string/app_name"
35-->src\main\AndroidManifest.xml:17:9-41
36        android:roundIcon="@drawable/ic_launcher"
36-->src\main\AndroidManifest.xml:18:9-50
37        android:supportsRtl="true"
37-->src\main\AndroidManifest.xml:19:9-35
38        android:theme="@style/Theme.Habitik" >
38-->src\main\AndroidManifest.xml:20:9-45
39        <activity
39-->src\main\AndroidManifest.xml:21:9-30:20
40            android:name="com.habitik.MainActivity"
40-->src\main\AndroidManifest.xml:22:13-41
41            android:exported="true"
41-->src\main\AndroidManifest.xml:23:13-36
42            android:label="@string/app_name"
42-->src\main\AndroidManifest.xml:24:13-45
43            android:theme="@style/Theme.Habitik" >
43-->src\main\AndroidManifest.xml:25:13-49
44            <intent-filter>
44-->src\main\AndroidManifest.xml:26:13-29:29
45                <action android:name="android.intent.action.MAIN" />
45-->src\main\AndroidManifest.xml:27:17-69
45-->src\main\AndroidManifest.xml:27:25-66
46
47                <category android:name="android.intent.category.LAUNCHER" />
47-->src\main\AndroidManifest.xml:28:17-77
47-->src\main\AndroidManifest.xml:28:27-74
48            </intent-filter>
49        </activity>
50
51        <service
51-->src\main\AndroidManifest.xml:32:9-35:40
52            android:name="com.habitik.service.RoutineService"
52-->src\main\AndroidManifest.xml:33:13-51
53            android:exported="false"
53-->src\main\AndroidManifest.xml:35:13-37
54            android:foregroundServiceType="specialUse" />
54-->src\main\AndroidManifest.xml:34:13-55
55
56        <receiver
56-->src\main\AndroidManifest.xml:37:9-43:20
57            android:name="com.habitik.service.RoutineReceiver"
57-->src\main\AndroidManifest.xml:37:19-58
58            android:exported="false" >
58-->src\main\AndroidManifest.xml:37:59-83
59            <intent-filter>
59-->src\main\AndroidManifest.xml:38:13-42:29
60                <action android:name="ACTION_MARK_DONE" />
60-->src\main\AndroidManifest.xml:39:17-59
60-->src\main\AndroidManifest.xml:39:25-56
61                <action android:name="ACTION_ROUTINE_ALARM" />
61-->src\main\AndroidManifest.xml:40:17-63
61-->src\main\AndroidManifest.xml:40:25-60
62                <action android:name="ACTION_TASK_START" />
62-->src\main\AndroidManifest.xml:41:17-60
62-->src\main\AndroidManifest.xml:41:25-57
63            </intent-filter>
64        </receiver>
65
66        <activity
66-->[androidx.glance:glance-appwidget:1.1.1] AndroidManifest.xml:23:9-28:62
67            android:name="androidx.glance.appwidget.action.ActionTrampolineActivity"
67-->[androidx.glance:glance-appwidget:1.1.1] AndroidManifest.xml:24:13-85
68            android:enabled="true"
68-->[androidx.glance:glance-appwidget:1.1.1] AndroidManifest.xml:25:13-35
69            android:excludeFromRecents="true"
69-->[androidx.glance:glance-appwidget:1.1.1] AndroidManifest.xml:26:13-46
70            android:exported="false"
70-->[androidx.glance:glance-appwidget:1.1.1] AndroidManifest.xml:27:13-37
71            android:theme="@android:style/Theme.NoDisplay" />
71-->[androidx.glance:glance-appwidget:1.1.1] AndroidManifest.xml:28:13-59
72        <activity
72-->[androidx.glance:glance-appwidget:1.1.1] AndroidManifest.xml:29:9-36:81
73            android:name="androidx.glance.appwidget.action.InvisibleActionTrampolineActivity"
73-->[androidx.glance:glance-appwidget:1.1.1] AndroidManifest.xml:30:13-94
74            android:enabled="true"
74-->[androidx.glance:glance-appwidget:1.1.1] AndroidManifest.xml:31:13-35
75            android:exported="false"
75-->[androidx.glance:glance-appwidget:1.1.1] AndroidManifest.xml:32:13-37
76            android:launchMode="singleInstance"
76-->[androidx.glance:glance-appwidget:1.1.1] AndroidManifest.xml:33:13-48
77            android:noHistory="true"
77-->[androidx.glance:glance-appwidget:1.1.1] AndroidManifest.xml:34:13-37
78            android:taskAffinity="androidx.glance.appwidget.ListAdapterCallbackTrampoline"
78-->[androidx.glance:glance-appwidget:1.1.1] AndroidManifest.xml:35:13-91
79            android:theme="@style/Widget.Glance.AppWidget.CallbackTrampoline" />
79-->[androidx.glance:glance-appwidget:1.1.1] AndroidManifest.xml:36:13-78
80
81        <receiver
81-->[androidx.glance:glance-appwidget:1.1.1] AndroidManifest.xml:38:9-41:40
82            android:name="androidx.glance.appwidget.action.ActionCallbackBroadcastReceiver"
82-->[androidx.glance:glance-appwidget:1.1.1] AndroidManifest.xml:39:13-92
83            android:enabled="true"
83-->[androidx.glance:glance-appwidget:1.1.1] AndroidManifest.xml:40:13-35
84            android:exported="false" />
84-->[androidx.glance:glance-appwidget:1.1.1] AndroidManifest.xml:41:13-37
85        <receiver
85-->[androidx.glance:glance-appwidget:1.1.1] AndroidManifest.xml:42:9-45:40
86            android:name="androidx.glance.appwidget.UnmanagedSessionReceiver"
86-->[androidx.glance:glance-appwidget:1.1.1] AndroidManifest.xml:43:13-78
87            android:enabled="true"
87-->[androidx.glance:glance-appwidget:1.1.1] AndroidManifest.xml:44:13-35
88            android:exported="false" />
88-->[androidx.glance:glance-appwidget:1.1.1] AndroidManifest.xml:45:13-37
89        <receiver
89-->[androidx.glance:glance-appwidget:1.1.1] AndroidManifest.xml:46:9-53:20
90            android:name="androidx.glance.appwidget.MyPackageReplacedReceiver"
90-->[androidx.glance:glance-appwidget:1.1.1] AndroidManifest.xml:47:13-79
91            android:enabled="true"
91-->[androidx.glance:glance-appwidget:1.1.1] AndroidManifest.xml:48:13-35
92            android:exported="false" >
92-->[androidx.glance:glance-appwidget:1.1.1] AndroidManifest.xml:49:13-37
93            <intent-filter>
93-->[androidx.glance:glance-appwidget:1.1.1] AndroidManifest.xml:50:13-52:29
94                <action android:name="android.intent.action.MY_PACKAGE_REPLACED" />
94-->[androidx.glance:glance-appwidget:1.1.1] AndroidManifest.xml:51:17-84
94-->[androidx.glance:glance-appwidget:1.1.1] AndroidManifest.xml:51:25-81
95            </intent-filter>
96        </receiver>
97
98        <service
98-->[androidx.glance:glance-appwidget:1.1.1] AndroidManifest.xml:55:9-58:72
99            android:name="androidx.glance.appwidget.GlanceRemoteViewsService"
99-->[androidx.glance:glance-appwidget:1.1.1] AndroidManifest.xml:56:13-78
100            android:exported="true"
100-->[androidx.glance:glance-appwidget:1.1.1] AndroidManifest.xml:57:13-36
101            android:permission="android.permission.BIND_REMOTEVIEWS" />
101-->[androidx.glance:glance-appwidget:1.1.1] AndroidManifest.xml:58:13-69
102
103        <activity
103-->[androidx.compose.ui:ui-tooling-android:1.7.5] AndroidManifest.xml:23:9-25:39
104            android:name="androidx.compose.ui.tooling.PreviewActivity"
104-->[androidx.compose.ui:ui-tooling-android:1.7.5] AndroidManifest.xml:24:13-71
105            android:exported="true" />
105-->[androidx.compose.ui:ui-tooling-android:1.7.5] AndroidManifest.xml:25:13-36
106
107        <provider
107-->[androidx.work:work-runtime:2.10.0] AndroidManifest.xml:29:9-37:20
108            android:name="androidx.startup.InitializationProvider"
108-->[androidx.work:work-runtime:2.10.0] AndroidManifest.xml:30:13-67
109            android:authorities="com.habitik.androidx-startup"
109-->[androidx.work:work-runtime:2.10.0] AndroidManifest.xml:31:13-68
110            android:exported="false" >
110-->[androidx.work:work-runtime:2.10.0] AndroidManifest.xml:32:13-37
111            <meta-data
111-->[androidx.work:work-runtime:2.10.0] AndroidManifest.xml:34:13-36:52
112                android:name="androidx.work.WorkManagerInitializer"
112-->[androidx.work:work-runtime:2.10.0] AndroidManifest.xml:35:17-68
113                android:value="androidx.startup" />
113-->[androidx.work:work-runtime:2.10.0] AndroidManifest.xml:36:17-49
114            <meta-data
114-->[androidx.emoji2:emoji2:1.3.0] AndroidManifest.xml:29:13-31:52
115                android:name="androidx.emoji2.text.EmojiCompatInitializer"
115-->[androidx.emoji2:emoji2:1.3.0] AndroidManifest.xml:30:17-75
116                android:value="androidx.startup" />
116-->[androidx.emoji2:emoji2:1.3.0] AndroidManifest.xml:31:17-49
117            <meta-data
117-->[androidx.lifecycle:lifecycle-process:2.8.7] AndroidManifest.xml:29:13-31:52
118                android:name="androidx.lifecycle.ProcessLifecycleInitializer"
118-->[androidx.lifecycle:lifecycle-process:2.8.7] AndroidManifest.xml:30:17-78
119                android:value="androidx.startup" />
119-->[androidx.lifecycle:lifecycle-process:2.8.7] AndroidManifest.xml:31:17-49
120            <meta-data
120-->[androidx.profileinstaller:profileinstaller:1.3.1] AndroidManifest.xml:29:13-31:52
121                android:name="androidx.profileinstaller.ProfileInstallerInitializer"
121-->[androidx.profileinstaller:profileinstaller:1.3.1] AndroidManifest.xml:30:17-85
122                android:value="androidx.startup" />
122-->[androidx.profileinstaller:profileinstaller:1.3.1] AndroidManifest.xml:31:17-49
123        </provider>
124
125        <service
125-->[androidx.work:work-runtime:2.10.0] AndroidManifest.xml:39:9-45:35
126            android:name="androidx.work.impl.background.systemalarm.SystemAlarmService"
126-->[androidx.work:work-runtime:2.10.0] AndroidManifest.xml:40:13-88
127            android:directBootAware="false"
127-->[androidx.work:work-runtime:2.10.0] AndroidManifest.xml:41:13-44
128            android:enabled="@bool/enable_system_alarm_service_default"
128-->[androidx.work:work-runtime:2.10.0] AndroidManifest.xml:42:13-72
129            android:exported="false" />
129-->[androidx.work:work-runtime:2.10.0] AndroidManifest.xml:43:13-37
130        <service
130-->[androidx.work:work-runtime:2.10.0] AndroidManifest.xml:46:9-52:35
131            android:name="androidx.work.impl.background.systemjob.SystemJobService"
131-->[androidx.work:work-runtime:2.10.0] AndroidManifest.xml:47:13-84
132            android:directBootAware="false"
132-->[androidx.work:work-runtime:2.10.0] AndroidManifest.xml:48:13-44
133            android:enabled="@bool/enable_system_job_service_default"
133-->[androidx.work:work-runtime:2.10.0] AndroidManifest.xml:49:13-70
134            android:exported="true"
134-->[androidx.work:work-runtime:2.10.0] AndroidManifest.xml:50:13-36
135            android:permission="android.permission.BIND_JOB_SERVICE" />
135-->[androidx.work:work-runtime:2.10.0] AndroidManifest.xml:51:13-69
136        <service
136-->[androidx.work:work-runtime:2.10.0] AndroidManifest.xml:53:9-59:35
137            android:name="androidx.work.impl.foreground.SystemForegroundService"
137-->[androidx.work:work-runtime:2.10.0] AndroidManifest.xml:54:13-81
138            android:directBootAware="false"
138-->[androidx.work:work-runtime:2.10.0] AndroidManifest.xml:55:13-44
139            android:enabled="@bool/enable_system_foreground_service_default"
139-->[androidx.work:work-runtime:2.10.0] AndroidManifest.xml:56:13-77
140            android:exported="false" />
140-->[androidx.work:work-runtime:2.10.0] AndroidManifest.xml:57:13-37
141
142        <receiver
142-->[androidx.work:work-runtime:2.10.0] AndroidManifest.xml:61:9-66:35
143            android:name="androidx.work.impl.utils.ForceStopRunnable$BroadcastReceiver"
143-->[androidx.work:work-runtime:2.10.0] AndroidManifest.xml:62:13-88
144            android:directBootAware="false"
144-->[androidx.work:work-runtime:2.10.0] AndroidManifest.xml:63:13-44
145            android:enabled="true"
145-->[androidx.work:work-runtime:2.10.0] AndroidManifest.xml:64:13-35
146            android:exported="false" />
146-->[androidx.work:work-runtime:2.10.0] AndroidManifest.xml:65:13-37
147        <receiver
147-->[androidx.work:work-runtime:2.10.0] AndroidManifest.xml:67:9-77:20
148            android:name="androidx.work.impl.background.systemalarm.ConstraintProxy$BatteryChargingProxy"
148-->[androidx.work:work-runtime:2.10.0] AndroidManifest.xml:68:13-106
149            android:directBootAware="false"
149-->[androidx.work:work-runtime:2.10.0] AndroidManifest.xml:69:13-44
150            android:enabled="false"
150-->[androidx.work:work-runtime:2.10.0] AndroidManifest.xml:70:13-36
151            android:exported="false" >
151-->[androidx.work:work-runtime:2.10.0] AndroidManifest.xml:71:13-37
152            <intent-filter>
152-->[androidx.work:work-runtime:2.10.0] AndroidManifest.xml:73:13-76:29
153                <action android:name="android.intent.action.ACTION_POWER_CONNECTED" />
153-->[androidx.work:work-runtime:2.10.0] AndroidManifest.xml:74:17-87
153-->[androidx.work:work-runtime:2.10.0] AndroidManifest.xml:74:25-84
154                <action android:name="android.intent.action.ACTION_POWER_DISCONNECTED" />
154-->[androidx.work:work-runtime:2.10.0] AndroidManifest.xml:75:17-90
154-->[androidx.work:work-runtime:2.10.0] AndroidManifest.xml:75:25-87
155            </intent-filter>
156        </receiver>
157        <receiver
157-->[androidx.work:work-runtime:2.10.0] AndroidManifest.xml:78:9-88:20
158            android:name="androidx.work.impl.background.systemalarm.ConstraintProxy$BatteryNotLowProxy"
158-->[androidx.work:work-runtime:2.10.0] AndroidManifest.xml:79:13-104
159            android:directBootAware="false"
159-->[androidx.work:work-runtime:2.10.0] AndroidManifest.xml:80:13-44
160            android:enabled="false"
160-->[androidx.work:work-runtime:2.10.0] AndroidManifest.xml:81:13-36
161            android:exported="false" >
161-->[androidx.work:work-runtime:2.10.0] AndroidManifest.xml:82:13-37
162            <intent-filter>
162-->[androidx.work:work-runtime:2.10.0] AndroidManifest.xml:84:13-87:29
163                <action android:name="android.intent.action.BATTERY_OKAY" />
163-->[androidx.work:work-runtime:2.10.0] AndroidManifest.xml:85:17-77
163-->[androidx.work:work-runtime:2.10.0] AndroidManifest.xml:85:25-74
164                <action android:name="android.intent.action.BATTERY_LOW" />
164-->[androidx.work:work-runtime:2.10.0] AndroidManifest.xml:86:17-76
164-->[androidx.work:work-runtime:2.10.0] AndroidManifest.xml:86:25-73
165            </intent-filter>
166        </receiver>
167        <receiver
167-->[androidx.work:work-runtime:2.10.0] AndroidManifest.xml:89:9-99:20
168            android:name="androidx.work.impl.background.systemalarm.ConstraintProxy$StorageNotLowProxy"
168-->[androidx.work:work-runtime:2.10.0] AndroidManifest.xml:90:13-104
169            android:directBootAware="false"
169-->[androidx.work:work-runtime:2.10.0] AndroidManifest.xml:91:13-44
170            android:enabled="false"
170-->[androidx.work:work-runtime:2.10.0] AndroidManifest.xml:92:13-36
171            android:exported="false" >
171-->[androidx.work:work-runtime:2.10.0] AndroidManifest.xml:93:13-37
172            <intent-filter>
172-->[androidx.work:work-runtime:2.10.0] AndroidManifest.xml:95:13-98:29
173                <action android:name="android.intent.action.DEVICE_STORAGE_LOW" />
173-->[androidx.work:work-runtime:2.10.0] AndroidManifest.xml:96:17-83
173-->[androidx.work:work-runtime:2.10.0] AndroidManifest.xml:96:25-80
174                <action android:name="android.intent.action.DEVICE_STORAGE_OK" />
174-->[androidx.work:work-runtime:2.10.0] AndroidManifest.xml:97:17-82
174-->[androidx.work:work-runtime:2.10.0] AndroidManifest.xml:97:25-79
175            </intent-filter>
176        </receiver>
177        <receiver
177-->[androidx.work:work-runtime:2.10.0] AndroidManifest.xml:100:9-109:20
178            android:name="androidx.work.impl.background.systemalarm.ConstraintProxy$NetworkStateProxy"
178-->[androidx.work:work-runtime:2.10.0] AndroidManifest.xml:101:13-103
179            android:directBootAware="false"
179-->[androidx.work:work-runtime:2.10.0] AndroidManifest.xml:102:13-44
180            android:enabled="false"
180-->[androidx.work:work-runtime:2.10.0] AndroidManifest.xml:103:13-36
181            android:exported="false" >
181-->[androidx.work:work-runtime:2.10.0] AndroidManifest.xml:104:13-37
182            <intent-filter>
182-->[androidx.work:work-runtime:2.10.0] AndroidManifest.xml:106:13-108:29
183                <action android:name="android.net.conn.CONNECTIVITY_CHANGE" />
183-->[androidx.work:work-runtime:2.10.0] AndroidManifest.xml:107:17-79
183-->[androidx.work:work-runtime:2.10.0] AndroidManifest.xml:107:25-76
184            </intent-filter>
185        </receiver>
186        <receiver
186-->[androidx.work:work-runtime:2.10.0] AndroidManifest.xml:110:9-121:20
187            android:name="androidx.work.impl.background.systemalarm.RescheduleReceiver"
187-->[androidx.work:work-runtime:2.10.0] AndroidManifest.xml:111:13-88
188            android:directBootAware="false"
188-->[androidx.work:work-runtime:2.10.0] AndroidManifest.xml:112:13-44
189            android:enabled="false"
189-->[androidx.work:work-runtime:2.10.0] AndroidManifest.xml:113:13-36
190            android:exported="false" >
190-->[androidx.work:work-runtime:2.10.0] AndroidManifest.xml:114:13-37
191            <intent-filter>
191-->[androidx.work:work-runtime:2.10.0] AndroidManifest.xml:116:13-120:29
192                <action android:name="android.intent.action.BOOT_COMPLETED" />
192-->[androidx.work:work-runtime:2.10.0] AndroidManifest.xml:117:17-79
192-->[androidx.work:work-runtime:2.10.0] AndroidManifest.xml:117:25-76
193                <action android:name="android.intent.action.TIME_SET" />
193-->[androidx.work:work-runtime:2.10.0] AndroidManifest.xml:118:17-73
193-->[androidx.work:work-runtime:2.10.0] AndroidManifest.xml:118:25-70
194                <action android:name="android.intent.action.TIMEZONE_CHANGED" />
194-->[androidx.work:work-runtime:2.10.0] AndroidManifest.xml:119:17-81
194-->[androidx.work:work-runtime:2.10.0] AndroidManifest.xml:119:25-78
195            </intent-filter>
196        </receiver>
197        <receiver
197-->[androidx.work:work-runtime:2.10.0] AndroidManifest.xml:122:9-131:20
198            android:name="androidx.work.impl.background.systemalarm.ConstraintProxyUpdateReceiver"
198-->[androidx.work:work-runtime:2.10.0] AndroidManifest.xml:123:13-99
199            android:directBootAware="false"
199-->[androidx.work:work-runtime:2.10.0] AndroidManifest.xml:124:13-44
200            android:enabled="@bool/enable_system_alarm_service_default"
200-->[androidx.work:work-runtime:2.10.0] AndroidManifest.xml:125:13-72
201            android:exported="false" >
201-->[androidx.work:work-runtime:2.10.0] AndroidManifest.xml:126:13-37
202            <intent-filter>
202-->[androidx.work:work-runtime:2.10.0] AndroidManifest.xml:128:13-130:29
203                <action android:name="androidx.work.impl.background.systemalarm.UpdateProxies" />
203-->[androidx.work:work-runtime:2.10.0] AndroidManifest.xml:129:17-98
203-->[androidx.work:work-runtime:2.10.0] AndroidManifest.xml:129:25-95
204            </intent-filter>
205        </receiver>
206        <receiver
206-->[androidx.work:work-runtime:2.10.0] AndroidManifest.xml:132:9-142:20
207            android:name="androidx.work.impl.diagnostics.DiagnosticsReceiver"
207-->[androidx.work:work-runtime:2.10.0] AndroidManifest.xml:133:13-78
208            android:directBootAware="false"
208-->[androidx.work:work-runtime:2.10.0] AndroidManifest.xml:134:13-44
209            android:enabled="true"
209-->[androidx.work:work-runtime:2.10.0] AndroidManifest.xml:135:13-35
210            android:exported="true"
210-->[androidx.work:work-runtime:2.10.0] AndroidManifest.xml:136:13-36
211            android:permission="android.permission.DUMP" >
211-->[androidx.work:work-runtime:2.10.0] AndroidManifest.xml:137:13-57
212            <intent-filter>
212-->[androidx.work:work-runtime:2.10.0] AndroidManifest.xml:139:13-141:29
213                <action android:name="androidx.work.diagnostics.REQUEST_DIAGNOSTICS" />
213-->[androidx.work:work-runtime:2.10.0] AndroidManifest.xml:140:17-88
213-->[androidx.work:work-runtime:2.10.0] AndroidManifest.xml:140:25-85
214            </intent-filter>
215        </receiver>
216
217        <activity
217-->[androidx.compose.ui:ui-test-manifest:1.7.5] AndroidManifest.xml:23:9-25:39
218            android:name="androidx.activity.ComponentActivity"
218-->[androidx.compose.ui:ui-test-manifest:1.7.5] AndroidManifest.xml:24:13-63
219            android:exported="true" />
219-->[androidx.compose.ui:ui-test-manifest:1.7.5] AndroidManifest.xml:25:13-36
220
221        <service
221-->[androidx.core:core-remoteviews:1.1.0] AndroidManifest.xml:24:9-27:63
222            android:name="androidx.core.widget.RemoteViewsCompatService"
222-->[androidx.core:core-remoteviews:1.1.0] AndroidManifest.xml:25:13-73
223            android:permission="android.permission.BIND_REMOTEVIEWS" />
223-->[androidx.core:core-remoteviews:1.1.0] AndroidManifest.xml:26:13-69
224        <service
224-->[androidx.room:room-runtime:2.6.1] AndroidManifest.xml:24:9-28:63
225            android:name="androidx.room.MultiInstanceInvalidationService"
225-->[androidx.room:room-runtime:2.6.1] AndroidManifest.xml:25:13-74
226            android:directBootAware="true"
226-->[androidx.room:room-runtime:2.6.1] AndroidManifest.xml:26:13-43
227            android:exported="false" />
227-->[androidx.room:room-runtime:2.6.1] AndroidManifest.xml:27:13-37
228
229        <receiver
229-->[androidx.profileinstaller:profileinstaller:1.3.1] AndroidManifest.xml:34:9-52:20
230            android:name="androidx.profileinstaller.ProfileInstallReceiver"
230-->[androidx.profileinstaller:profileinstaller:1.3.1] AndroidManifest.xml:35:13-76
231            android:directBootAware="false"
231-->[androidx.profileinstaller:profileinstaller:1.3.1] AndroidManifest.xml:36:13-44
232            android:enabled="true"
232-->[androidx.profileinstaller:profileinstaller:1.3.1] AndroidManifest.xml:37:13-35
233            android:exported="true"
233-->[androidx.profileinstaller:profileinstaller:1.3.1] AndroidManifest.xml:38:13-36
234            android:permission="android.permission.DUMP" >
234-->[androidx.profileinstaller:profileinstaller:1.3.1] AndroidManifest.xml:39:13-57
235            <intent-filter>
235-->[androidx.profileinstaller:profileinstaller:1.3.1] AndroidManifest.xml:40:13-42:29
236                <action android:name="androidx.profileinstaller.action.INSTALL_PROFILE" />
236-->[androidx.profileinstaller:profileinstaller:1.3.1] AndroidManifest.xml:41:17-91
236-->[androidx.profileinstaller:profileinstaller:1.3.1] AndroidManifest.xml:41:25-88
237            </intent-filter>
238            <intent-filter>
238-->[androidx.profileinstaller:profileinstaller:1.3.1] AndroidManifest.xml:43:13-45:29
239                <action android:name="androidx.profileinstaller.action.SKIP_FILE" />
239-->[androidx.profileinstaller:profileinstaller:1.3.1] AndroidManifest.xml:44:17-85
239-->[androidx.profileinstaller:profileinstaller:1.3.1] AndroidManifest.xml:44:25-82
240            </intent-filter>
241            <intent-filter>
241-->[androidx.profileinstaller:profileinstaller:1.3.1] AndroidManifest.xml:46:13-48:29
242                <action android:name="androidx.profileinstaller.action.SAVE_PROFILE" />
242-->[androidx.profileinstaller:profileinstaller:1.3.1] AndroidManifest.xml:47:17-88
242-->[androidx.profileinstaller:profileinstaller:1.3.1] AndroidManifest.xml:47:25-85
243            </intent-filter>
244            <intent-filter>
244-->[androidx.profileinstaller:profileinstaller:1.3.1] AndroidManifest.xml:49:13-51:29
245                <action android:name="androidx.profileinstaller.action.BENCHMARK_OPERATION" />
245-->[androidx.profileinstaller:profileinstaller:1.3.1] AndroidManifest.xml:50:17-95
245-->[androidx.profileinstaller:profileinstaller:1.3.1] AndroidManifest.xml:50:25-92
246            </intent-filter>
247        </receiver>
248    </application>
249
250</manifest>